<?xml version="1.0" encoding="UTF-8" ?>
<testsuite errors="0" failures="0" hostname="beaver1" name="robomagellan.MotorTest" tests="1" time="94.974" timestamp="2008-12-05T09:10:18">
  <properties>
[...]
</properties>
  <testcase classname="robomagellan.MotorTest" name="testSetSpeed" time="94.836" />
  <system-out><![CDATA[Stable Library
=========================================
Native lib Version = RXTX-2.1-7
Java lib Version   = RXTX-2.1-7
Found port /dev/ttyUSB0
Attempting to Connect to Motors at/dev/ttyUSB0
Baud Rate is: 4800
Data Bits is: 8
Stop Bits is: 1
Parity Bits is: 0
]]></system-out>
  <system-err><![CDATA[]]></system-err>
</testsuite>
